*----------------------------------------------------------------------------------------
*	Innovus 21.12-s106_1 (64bit) 12/08/2021 18:19 (Linux 3.10.0-693.el7.x86_64)
*	
*
* 	Date & Time:	2025-Nov-29 11:06:14 (2025-Nov-29 05:36:14 GMT)
*
*----------------------------------------------------------------------------------------
*
*	Design: mac_shift_1mult
*
*	Liberty Libraries used: 
*	        BEST_CASE: /vlsi/pdk/course_pdk_2025/tsmc_gp_65_stdio/tcbn65gplus_200a/TSMCHOME/digital/Front_End/timing_power_noise/CCS/tcbn65gplus_200a/tcbn65gplusbc_ccs.lib
*
*	Power Domain used: 
*              Rail:        VDD      Voltage:        1.1 
*
*       Power View : BEST_CASE
*
*       User-Defined Activity : N.A.
*
*       Activity File: N.A.
*
*       Hierarchical Global Activity: N.A.
*
*       Global Activity: N.A.
*
*       Sequential Element Activity: 0.200000
*
*       Primary Input Activity: 0.200000
*
*       Default icg ratio: N.A.
*
*       Global Comb ClockGate Ratio: N.A.
*
*	Power Units = 1mW
*
*	Time Units = 1e-09 secs 
*
*       report_power -outfile physical_design/power.rpt
*
-----------------------------------------------------------------------------------------


Total Power 
-----------------------------------------------------------------------------------------
Total Internal Power:        0.67882685 	   25.2598%
Total Switching Power:       0.11476279 	    4.2704%
Total Leakage Power:         1.89379199 	   70.4698%
Total Power:                 2.68738163 
-----------------------------------------------------------------------------------------


Group                           Internal   Switching     Leakage       Total  Percentage 
                                Power      Power         Power         Power  (%)        
-----------------------------------------------------------------------------------------
Sequential                        0.6437    0.007229       1.064       1.715        63.8 
Macro                                  0           0           0           0           0 
IO                                     0           0           0           0           0 
Physical-Only                          0           0      0.5975      0.5975       22.23 
Combinational                    0.01609     0.03753      0.2075      0.2611       9.717 
Clock (Combinational)            0.01904        0.07     0.02518      0.1142        4.25 
Clock (Sequential)                     0           0           0           0           0 
-----------------------------------------------------------------------------------------
Total                             0.6788      0.1148       1.894       2.687         100 
-----------------------------------------------------------------------------------------


Rail                  Voltage   Internal   Switching     Leakage       Total  Percentage 
                                Power      Power         Power         Power  (%)        
-----------------------------------------------------------------------------------------
VDD                       1.1     0.6788      0.1148       1.894       2.687         100 


Clock                           Internal   Switching     Leakage       Total  Percentage 
                                Power      Power         Power         Power  (%)        
-----------------------------------------------------------------------------------------
clk                              0.01904        0.07     0.02518      0.1142        4.25 
-----------------------------------------------------------------------------------------
Total (excluding duplicates)     0.01904        0.07     0.02518      0.1142        4.25 
-----------------------------------------------------------------------------------------
Clock: clk
Clock Period: 0.122070 usec 
Clock Toggle Rate:    16.3840 Mhz 
Clock Static Probability:  0.5000



-----------------------------------------------------------------------------------------
*	Power Distribution Summary: 
*                Highest Average Power:       CTS_ccl_a_buf_00053 (CKBD16):         0.002356 
*                Highest Leakage Power:       CTS_ccl_a_buf_00055 (CKBD16):        0.0006045 
*          Total Cap:      6.43978e-11 F
*          Total instances in design: 14374
*          Total instances in design with no power:     0
*          Total instances in design with no activity:     0
*          Total Fillers and Decap:  5052
-----------------------------------------------------------------------------------------

