============================================================
  Generated by:           Genus(TM) Synthesis Solution 21.19-s055_1
  Generated on:           Nov 29 2025  10:55:27 am
  Module:                 mac_shift_1mult
  Technology libraries:   tcbn65gplustc_ccs 200
                          physical_cells 
  Operating conditions:   NCCOM 
  Interconnect mode:      global
  Area mode:              physical library
============================================================

                                
   Gate    Instances    Area           Library       
-----------------------------------------------------
AN2XD1            12     25.920    tcbn65gplustc_ccs 
AN4XD1            25     72.000    tcbn65gplustc_ccs 
AO211D1            1      2.880    tcbn65gplustc_ccs 
AO221D0          483   1738.800    tcbn65gplustc_ccs 
AO222D1           13     56.160    tcbn65gplustc_ccs 
AO22D0           339    976.320    tcbn65gplustc_ccs 
AO31D1            24     69.120    tcbn65gplustc_ccs 
AOI211XD0         10     25.200    tcbn65gplustc_ccs 
AOI21D1            1      2.160    tcbn65gplustc_ccs 
AOI221D0         537   1546.560    tcbn65gplustc_ccs 
AOI222D0          62    223.200    tcbn65gplustc_ccs 
AOI22D1         1088   2741.760    tcbn65gplustc_ccs 
AOI31D1           85    214.200    tcbn65gplustc_ccs 
AOI32D1            2      5.760    tcbn65gplustc_ccs 
AOI33D1            1      3.240    tcbn65gplustc_ccs 
BUFFD2            12     25.920    tcbn65gplustc_ccs 
BUFFD3            16     40.320    tcbn65gplustc_ccs 
CKBD1              5      7.200    tcbn65gplustc_ccs 
CKBD4             14     45.360    tcbn65gplustc_ccs 
CKND1              1      1.080    tcbn65gplustc_ccs 
CKND2D1           24     34.560    tcbn65gplustc_ccs 
DFCND1             1      8.640    tcbn65gplustc_ccs 
DFCNQD1           28    221.760    tcbn65gplustc_ccs 
EDFCNQD1        5046  54496.800    tcbn65gplustc_ccs 
FA1D0              2     18.000    tcbn65gplustc_ccs 
HA1D0              9     51.840    tcbn65gplustc_ccs 
IAO21D1            1      2.520    tcbn65gplustc_ccs 
IINR4D0            2      7.200    tcbn65gplustc_ccs 
IND2D1            28     60.480    tcbn65gplustc_ccs 
IND3D1             2      5.040    tcbn65gplustc_ccs 
IND4D1            11     31.680    tcbn65gplustc_ccs 
INR2D1             1      2.160    tcbn65gplustc_ccs 
INR2D2             2      5.760    tcbn65gplustc_ccs 
INR2XD0            3      6.480    tcbn65gplustc_ccs 
INR2XD2            1      4.680    tcbn65gplustc_ccs 
INR4D0            15     43.200    tcbn65gplustc_ccs 
INVD1             57     61.560    tcbn65gplustc_ccs 
INVD12             1      6.120    tcbn65gplustc_ccs 
INVD16            10     79.200    tcbn65gplustc_ccs 
INVD2              3      4.320    tcbn65gplustc_ccs 
INVD3              2      4.320    tcbn65gplustc_ccs 
IOA21D1            3      7.560    tcbn65gplustc_ccs 
MAOI22D1           1      2.880    tcbn65gplustc_ccs 
MOAI22D1           6     17.280    tcbn65gplustc_ccs 
MUX2D0             1      3.240    tcbn65gplustc_ccs 
MUX2ND0            1      2.880    tcbn65gplustc_ccs 
ND2D1             62     89.280    tcbn65gplustc_ccs 
ND3D1              9     19.440    tcbn65gplustc_ccs 
ND4D1            313    788.760    tcbn65gplustc_ccs 
NR2D1             55     79.200    tcbn65gplustc_ccs 
NR2D2              3      7.560    tcbn65gplustc_ccs 
NR2XD0           522    751.680    tcbn65gplustc_ccs 
NR4D0              2      5.040    tcbn65gplustc_ccs 
OA21D1             2      5.040    tcbn65gplustc_ccs 
OA221D0            6     21.600    tcbn65gplustc_ccs 
OAI211D1           2      5.040    tcbn65gplustc_ccs 
OAI221D0          13     37.440    tcbn65gplustc_ccs 
OAI222D0           6     19.440    tcbn65gplustc_ccs 
OAI22D1            3      7.560    tcbn65gplustc_ccs 
OR2D1             32     69.120    tcbn65gplustc_ccs 
OR2XD1            14     30.240    tcbn65gplustc_ccs 
OR4D1              2      5.760    tcbn65gplustc_ccs 
SDFCNQD1           4     41.760    tcbn65gplustc_ccs 
XNR2D1             4     14.400    tcbn65gplustc_ccs 
XNR2D2             1      3.960    tcbn65gplustc_ccs 
XOR2D1             2      7.200    tcbn65gplustc_ccs 
-----------------------------------------------------
total           9049  65022.840                      


                                          
     Type      Instances    Area   Area % 
------------------------------------------
sequential          5079 54768.960   84.2 
inverter              74   156.600    0.2 
buffer                47   118.800    0.2 
logic               3849  9978.480   15.3 
physical_cells         0     0.000    0.0 
------------------------------------------
total               9049 65022.840  100.0 

