============================================================
  Generated by:           Genus(TM) Synthesis Solution 21.19-s055_1
  Generated on:           Nov 29 2025  10:55:28 am
  Module:                 mac_shift_1mult
  Technology libraries:   tcbn65gplustc_ccs 200
                          physical_cells 
  Operating conditions:   NCCOM 
  Interconnect mode:      global
  Area mode:              physical library
============================================================

	Timing
	------

  Slack         Endpoint      Cost Group 
----------------------------------------------
+120262ps addin_next_reg[0]/D clk        


	Area
	----

    Instance    Module  Cell Count  Cell Area  Net Area   Total Area 
---------------------------------------------------------------------
mac_shift_1mult               9049  65022.840 16462.695    81485.535 

	Design Rule Check
	-----------------

Max_transition design rule: no violations.

Max_capacitance design rule: no violations.



