============================================================
  Generated by:           Genus(TM) Synthesis Solution 21.19-s055_1
  Generated on:           Nov 29 2025  10:55:27 am
  Module:                 mac_shift_1mult
  Technology libraries:   tcbn65gplustc_ccs 200
                          physical_cells 
  Operating conditions:   NCCOM 
  Interconnect mode:      global
  Area mode:              physical library
============================================================

        Pin                 Type       Fanout Load Slew Delay Arrival   
                                              (fF) (ps)  (ps)   (ps)    
------------------------------------------------------------------------
(clock clk)               launch                                    0 R 
channel_counter
  count_reg[1]/CP                                     0    +0       0 R 
  count_reg[1]/Q          DFCNQD1          14 27.2  160  +160     160 R 
channel_counter/count[1] 
g159299/A1                                                 +0     160   
g159299/ZN                IND2D1            4 10.7   82   +73     233 R 
g159288/A2                                                 +0     233   
g159288/ZN                NR2D2            24 41.8   88   +70     303 F 
g157079/B2                                                 +0     303   
g157079/Z                 AO22D0            1  2.4   32   +86     389 F 
g155994/C                                                  +0     389   
g155994/Z                 AO221D0           1  2.4   43  +114     502 F 
g155674/C                                                  +0     502   
g155674/Z                 AO221D0           1  2.4   41  +116     619 F 
g155413__5477/C                                            +0     619   
g155413__5477/ZN          AOI221D0          1  2.7  148  +118     737 R 
g155008__6131/A1                                           +0     737   
g155008__6131/ZN          AOI31D1           1  2.4   67   +48     785 F 
g154683__5477/I0                                           +0     785   
g154683__5477/ZN          MUX2ND0           1  2.5   99   +59     844 R 
g154610__1705/C                                            +0     844   
g154610__1705/ZN          OAI221D0          1  2.7  109   +81     926 F 
g154608__1617/B                                            +0     926   
g154608__1617/ZN          IAO21D1           1  2.4   60   +49     975 R 
g154588__5115/C                                            +0     975   
g154588__5115/Z           OA221D0           1  2.8   49   +90    1066 R 
g154576__8428/B                                            +0    1066   
g154576__8428/ZN          OAI211D1          1  2.4   54   +45    1110 F 
g154554__8246/A1                                           +0    1110   
g154554__8246/ZN          AOI222D0          1  2.5  158   +99    1209 R 
g154551__2802/A1                                           +0    1209   
g154551__2802/ZN          INR4D0            1  2.5   96   +96    1305 R 
g154546__3680/C                                            +0    1305   
g154546__3680/ZN          OAI221D0          1  2.5   93   +79    1384 F 
g154537__5477/A1                                           +0    1384   
g154537__5477/ZN          NR4D0             1  2.6  100   +73    1457 R 
g154532__7410/A1                                           +0    1457   
g154532__7410/ZN          CKND2D1           1  2.4   42   +32    1488 F 
g154528__9945/C                                            +0    1488   
g154528__9945/ZN          AOI221D0          1  2.5  149  +115    1603 R 
g154527__9315/C                                            +0    1603   
g154527__9315/ZN          OAI221D0          1  2.7   92   +88    1691 F 
addin_next_reg[0]/D  <<<  DFCNQD1                          +0    1691   
addin_next_reg[0]/CP      setup                       0   +18    1708 R 
- - - - - - - - - - - - - - - - - - - - - - - - - - - - - - - - - - - - 
(clock clk)               capture                              122070 R 
                          uncertainty                    -100  121970 R 
------------------------------------------------------------------------
Cost Group   : 'clk' (path_group 'clk')
Timing slack :  120262ps 
Start-point  : channel_counter/count_reg[1]/CP
End-point    : addin_next_reg[0]/D

